# JRE version: 7.0_11-b21
# Java VM: Java HotSpot(TM) 64-Bit Server VM (23.6-b04 mixed mode linux-amd64 compressed oops)
Heap
 PSYoungGen      total 152896K, used 93777K [0x00000000d7160000, 0x00000000e1c00000, 0x0000000100000000)
  eden space 131072K, 54% used [0x00000000d7160000,0x00000000db7a8d40,0x00000000df160000)
  from space 21824K, 99% used [0x00000000e06b0000,0x00000000e1bfb9d0,0x00000000e1c00000)
  to   space 21824K, 0% used [0x00000000df160000,0x00000000df160000,0x00000000e06b0000)
 ParOldGen       total 349568K, used 57815K [0x0000000085400000, 0x000000009a960000, 0x00000000d7160000)
  object space 349568K, 16% used [0x0000000085400000,0x0000000088c75c38,0x000000009a960000)
 PSPermGen       total 32192K, used 32084K [0x0000000080200000, 0x0000000082170000, 0x0000000085400000)
  object space 32192K, 99% used [0x0000000080200000,0x0000000082155110,0x0000000082170000)
GC Heap History (4 events):
Event: 22.332 GC heap before
{Heap before GC invocations=1 (full 0):
 PSYoungGen      total 152896K, used 131072K [0x00000000d7160000, 0x00000000e1c00000, 0x0000000100000000)
  eden space 131072K, 100% used [0x00000000d7160000,0x00000000df160000,0x00000000df160000)
  from space 21824K, 0% used [0x00000000e06b0000,0x00000000e06b0000,0x00000000e1c00000)
  to   space 21824K, 0% used [0x00000000df160000,0x00000000df160000,0x00000000e06b0000)
 ParOldGen       total 349568K, used 0K [0x0000000085400000, 0x000000009a960000, 0x00000000d7160000)
  object space 349568K, 0% used [0x0000000085400000,0x0000000085400000,0x000000009a960000)
 PSPermGen       total 21248K, used 17085K [0x0000000080200000, 0x00000000816c0000, 0x0000000085400000)
  object space 21248K, 80% used [0x0000000080200000,0x00000000812af4b0,0x00000000816c0000)
Event: 22.366 GC heap after
Heap after GC invocations=1 (full 0):
 PSYoungGen      total 152896K, used 21801K [0x00000000d7160000, 0x00000000e1c00000, 0x0000000100000000)
  eden space 131072K, 0% used [0x00000000d7160000,0x00000000d7160000,0x00000000df160000)
  from space 21824K, 99% used [0x00000000df160000,0x00000000e06aa6d0,0x00000000e06b0000)
  to   space 21824K, 0% used [0x00000000e06b0000,0x00000000e06b0000,0x00000000e1c00000)
 ParOldGen       total 349568K, used 37064K [0x0000000085400000, 0x000000009a960000, 0x00000000d7160000)
  object space 349568K, 10% used [0x0000000085400000,0x0000000087832070,0x000000009a960000)
 PSPermGen       total 21248K, used 17085K [0x0000000080200000, 0x00000000816c0000, 0x0000000085400000)
  object space 21248K, 80% used [0x0000000080200000,0x00000000812af4b0,0x00000000816c0000)
}
Event: 28.283 GC heap before
{Heap before GC invocations=2 (full 0):
 PSYoungGen      total 152896K, used 152873K [0x00000000d7160000, 0x00000000e1c00000, 0x0000000100000000)
  eden space 131072K, 100% used [0x00000000d7160000,0x00000000df160000,0x00000000df160000)
  from space 21824K, 99% used [0x00000000df160000,0x00000000e06aa6d0,0x00000000e06b0000)
  to   space 21824K, 0% used [0x00000000e06b0000,0x00000000e06b0000,0x00000000e1c00000)
 ParOldGen       total 349568K, used 37064K [0x0000000085400000, 0x000000009a960000, 0x00000000d7160000)
  object space 349568K, 10% used [0x0000000085400000,0x0000000087832070,0x000000009a960000)
 PSPermGen       total 31424K, used 31286K [0x0000000080200000, 0x00000000820b0000, 0x0000000085400000)
  object space 31424K, 99% used [0x0000000080200000,0x000000008208d848,0x00000000820b0000)
Event: 28.317 GC heap after
Heap after GC invocations=2 (full 0):
 PSYoungGen      total 152896K, used 21806K [0x00000000d7160000, 0x00000000e1c00000, 0x0000000100000000)
  eden space 131072K, 0% used [0x00000000d7160000,0x00000000d7160000,0x00000000df160000)
  from space 21824K, 99% used [0x00000000e06b0000,0x00000000e1bfb9d0,0x00000000e1c00000)
  to   space 21824K, 0% used [0x00000000df160000,0x00000000df160000,0x00000000e06b0000)
 ParOldGen       total 349568K, used 57815K [0x0000000085400000, 0x000000009a960000, 0x00000000d7160000)
  object space 349568K, 16% used [0x0000000085400000,0x0000000088c75c38,0x000000009a960000)
 PSPermGen       total 31424K, used 31286K [0x0000000080200000, 0x00000000820b0000, 0x0000000085400000)
  object space 31424K, 99% used [0x0000000080200000,0x000000008208d848,0x00000000820b0000)
}

